Diagnose log at 2025-10-29T04:27:48Z

AppPath: C:\Program Files\Git\mingw64\bin\git-credential-manager.exe
InstallDir: C:\Program Files\Git\mingw64\bin\
Version: 2.6.1+786ab03440ddc82e807a97c0e540f5247e44cec6

------------
Diagnostic: Environment
Skipped: False
Success: True
Exception: None
Log:
OSType: Windows
OSVersion: 10.0 (build 26220)
Reading environment variables... OK
 Variables:
HOMEPATH=\Users\HP
DriverData=C:\Windows\System32\Drivers\DriverData
COMPUTERNAME=SENTHIL
MSYSTEM=MINGW64
CommonProgramFiles(x86)=C:\Program Files (x86)\Common Files
PROCESSOR_IDENTIFIER=Intel64 Family 6 Model 140 Stepping 1, GenuineIntel
PROCESSOR_LEVEL=6
OneDrive=C:\Users\HP\OneDrive
LEVEL_ZERO_V1_SDK_PATH=C:\Program Files\LevelZeroSDK\1.24.0\
ProgramFiles(x86)=C:\Program Files (x86)
VRAY_SEND_FEEDBACK=1
CONFIG_SITE=C:/Program Files/Git/etc/config.site
LC_CTYPE=en_US.UTF-8
CUDA_CACHE_MAXSIZE=268435456
PATHEXT=.COM;.EXE;.BAT;.CMD;.VBS;.VBE;.JS;.JSE;.WSF;.WSH;.MSC
MSYSTEM_PREFIX=C:/Program Files/Git/mingw64
USERNAME=HP
MINGW_PREFIX=C:/Program Files/Git/mingw64
GIT_EXEC_PATH=C:/Program Files/Git/mingw64/libexec/git-core
ACLOCAL_PATH=C:\Program Files\Git\mingw64\share\aclocal;C:\Program Files\Git\usr\share\aclocal
TEMP=C:\Users\HP\AppData\Local\Temp
LOCALAPPDATA=C:\Users\HP\AppData\Local
MANPATH=C:\Program Files\Git\mingw64\local\man;C:\Program Files\Git\mingw64\share\man;C:\Program Files\Git\usr\local\man;C:\Program Files\Git\usr\share\man;C:\Program Files\Git\usr\man;C:\Program Files\Git\share\man
TERM=xterm
ADSK_3DSMAX_x64_2021=C:\Program Files\Autodesk\3ds Max 2021\
ADSK_3DSMAX_x64_2017=C:\Program Files\Autodesk\3ds Max 2017\
MSYSTEM_CARCH=x86_64
PROGRAMFILES=C:\Program Files (x86)
ProgramData=C:\ProgramData
TERM_PROGRAM_VERSION=3.8.1
ORIGINAL_TMP=C:/Users/HP/AppData/Local/Temp
PROCESSOR_REVISION=8c01
SYSTEMROOT=C:\WINDOWS
TERM_PROGRAM=mintty
EFC_20028_1592913036=1
NUMBER_OF_PROCESSORS=8
SSH_ASKPASS=C:/Program Files/Git/mingw64/bin/git-askpass.exe
SHLVL=1
SYSTEMDRIVE=C:
ZES_ENABLE_SYSMAN=1
PSModulePath=C:\Program Files\WindowsPowerShell\Modules;C:\WINDOWS\system32\WindowsPowerShell\v1.0\Modules
EFC_20028_2283032206=1
FPS_BROWSER_USER_PROFILE_STRING=Default
PKG_CONFIG_PATH=C:\Program Files\Git\mingw64\lib\pkgconfig;C:\Program Files\Git\mingw64\share\pkgconfig
USERDOMAIN_ROAMINGPROFILE=SENTHIL
MSYSTEM_CHOST=x86_64-w64-mingw32
EFC_20028_1262719628=1
PWD=C:/Users/HP/dev1
PLINK_PROTOCOL=ssh
INFOPATH=C:\Program Files\Git\mingw64\local\info;C:\Program Files\Git\mingw64\share\info;C:\Program Files\Git\usr\local\info;C:\Program Files\Git\usr\share\info;C:\Program Files\Git\usr\info;C:\Program Files\Git\share\info
ProgramW6432=C:\Program Files
PATH=C:/Program Files/Git/mingw64/libexec/git-core;C:\Users\HP\bin;C:\Program Files\Git\mingw64\bin;C:\Program Files\Git\usr\local\bin;C:\Program Files\Git\usr\bin;C:\Program Files\Git\usr\bin;C:\Program Files\Git\mingw64\bin;C:\Program Files\Git\usr\bin;C:\Users\HP\bin;C:\WINDOWS\system32;C:\WINDOWS;C:\WINDOWS\System32\Wbem;C:\WINDOWS\System32\WindowsPowerShell\v1.0;C:\WINDOWS\System32\OpenSSH;C:\Program Files\Common Files\Autodesk Shared;C:\Program Files (x86)\dotnet;C:\Users\HP\AppData\Local\Programs\Python\Python312;C:\Users\HP\AppData\Local\Programs\Python\Python312\Scripts;C:\ffmpeg-7.1.1-essentials_build\ffmpeg-7.1.1-essentials_build\bin;C:\Program Files\dotnet;C:\Program Files\Git\cmd;C:\Users\HP\AppData\Local\Programs\Python\Launcher;C:\Users\HP\AppData\Local\Microsoft\WindowsApps;C:\Users\HP\AppData\Local\Programs\Python\Python39;C:\Users\HP\AppData\Local\Programs\Python\Python39\Scripts;C:\Program Files\JetBrains\PyCharm Community Edition 2022.2.4\bin;C:\ffmpeg\bin”;C:\Users\HP\AppData\Local\Programs\Microsoft VS Code\bin;C:\Program Files\Git\usr\bin\vendor_perl;C:\Program Files\Git\usr\bin\core_perl
MINGW_CHOST=x86_64-w64-mingw32
GIT_TRACE2_PARENT_SID=9ae2c138-58a9-4a3f-afb2-4c0b387c2864
PKG_CONFIG_SYSTEM_LIBRARY_PATH=C:/Program Files/Git/mingw64/lib
PyCharm Community Edition=C:\Program Files\JetBrains\PyCharm Community Edition 2022.2.4\bin;
EFC_20028_3789132940=1
ORIGINAL_PATH=C:\Program Files\Git\mingw64\bin;C:\Program Files\Git\usr\bin;C:\Users\HP\bin;C:\WINDOWS\system32;C:\WINDOWS;C:\WINDOWS\System32\Wbem;C:\WINDOWS\System32\WindowsPowerShell\v1.0;C:\WINDOWS\System32\OpenSSH;C:\Program Files\Common Files\Autodesk Shared;C:\Program Files (x86)\dotnet;C:\Users\HP\AppData\Local\Programs\Python\Python312;C:\Users\HP\AppData\Local\Programs\Python\Python312\Scripts;C:\ffmpeg-7.1.1-essentials_build\ffmpeg-7.1.1-essentials_build\bin;C:\Program Files\dotnet;C:\Program Files\Git\cmd;C:\Users\HP\AppData\Local\Programs\Python\Launcher;C:\Users\HP\AppData\Local\Microsoft\WindowsApps;C:\Users\HP\AppData\Local\Programs\Python\Python39;C:\Users\HP\AppData\Local\Programs\Python\Python39\Scripts;C:\Program Files\JetBrains\PyCharm Community Edition 2022.2.4\bin;C:\ffmpeg\bin”;C:\Users\HP\AppData\Local\Programs\Microsoft VS Code\bin
TMPDIR=C:\Users\HP\AppData\Local\Temp
TMP=C:\Users\HP\AppData\Local\Temp
PUBLIC=C:\Users\Public
SHELL=C:\Program Files\Git\usr\bin\bash.exe
HOME=C:\Users\HP
COMSPEC=C:\WINDOWS\system32\cmd.exe
PROCESSOR_ARCHITEW6432=AMD64
LOGONSERVER=\\SENTHIL
USERPROFILE=C:\Users\HP
DISPLAY=needs-to-be-defined
COMMONPROGRAMFILES=C:\Program Files (x86)\Common Files
WINDIR=C:\WINDOWS
USERDOMAIN=SENTHIL
APPDATA=C:\Users\HP\AppData\Roaming
HOMEDRIVE=C:
OLDPWD=C:/Users/HP
MINGW_PACKAGE_PREFIX=mingw-w64-x86_64
CommonProgramW6432=C:\Program Files\Common Files
SESSIONNAME=Console
ORIGINAL_TEMP=C:/Users/HP/AppData/Local/Temp
EXEPATH=C:\Program Files\Git
HOSTNAME=Senthil
EFC_20028_2775293581=1
FPS_BROWSER_APP_PROFILE_STRING=Internet Explorer
PROCESSOR_ARCHITECTURE=x86
PS1=\[\033]0;$TITLEPREFIX:$PWD\007\]\n\[\033[32m\]\u@\h \[\033[35m\]$MSYSTEM \[\033[33m\]\w\[\033[36m\]`__git_ps1`\[\033[0m\]\n$ 
OS=Windows_NT
PKG_CONFIG_SYSTEM_INCLUDE_PATH=C:/Program Files/Git/mingw64/include
_=C:/Program Files/Git/mingw64/bin/git
ALLUSERSPROFILE=C:\ProgramData


------------
Diagnostic: File system
Skipped: False
Success: True
Exception: None
Log:
Temporary directory is 'C:\Users\HP\AppData\Local\Temp\'...
Checking basic file I/O...
Writing to temporary file 'C:\Users\HP\AppData\Local\Temp\127b4fb0a6c9ca6536425a43'... OK
Reading from temporary file 'C:\Users\HP\AppData\Local\Temp\127b4fb0a6c9ca6536425a43'... OK
Deleting temporary file 'C:\Users\HP\AppData\Local\Temp\127b4fb0a6c9ca6536425a43'... OK
Testing IFileSystem instance...
UserHomePath: C:\Users\HP
UserDataDirectoryPath: C:\Users\HP\.gcm
GetCurrentDirectory(): C:\Users\HP\dev1

------------
Diagnostic: Networking
Skipped: False
Success: True
Exception: None
Log:
Checking networking and HTTP stack...
Creating HTTP client... OK
IsNetworkAvailable: True
Sending HEAD request to http://example.com...Sending HEAD request to https://example.com... OK
 OK
Acquiring free TCP port... OK
Testing local HTTP loopback connections...
Creating new HTTP listener for http://localhost:63747/... OK
Waiting for loopback connection... OK
Writing response... OK
Waiting for response data... OK
Loopback connection data OK

------------
Diagnostic: Git
Skipped: False
Success: True
Exception: None
Log:
Getting Git version... OK
Git version is '2.51.1.windows.1'
Locating current repository...Git repository at 'C:/Users/HP/dev1/.git'
 OK
Listing all Git configuration... OK
Git configuration:
file:C:/Program Files/Git/etc/gitconfig	diff.astextplain.textconv=astextplain
file:C:/Program Files/Git/etc/gitconfig	filter.lfs.clean=git-lfs clean -- %f
file:C:/Program Files/Git/etc/gitconfig	filter.lfs.smudge=git-lfs smudge -- %f
file:C:/Program Files/Git/etc/gitconfig	filter.lfs.process=git-lfs filter-process
file:C:/Program Files/Git/etc/gitconfig	filter.lfs.required=true
file:C:/Program Files/Git/etc/gitconfig	http.sslbackend=schannel
file:C:/Program Files/Git/etc/gitconfig	core.autocrlf=true
file:C:/Program Files/Git/etc/gitconfig	core.fscache=true
file:C:/Program Files/Git/etc/gitconfig	core.symlinks=false
file:C:/Program Files/Git/etc/gitconfig	pull.rebase=false
file:C:/Program Files/Git/etc/gitconfig	credential.helper=manager
file:C:/Program Files/Git/etc/gitconfig	credential.https://dev.azure.com.usehttppath=true
file:C:/Program Files/Git/etc/gitconfig	init.defaultbranch=master
file:C:/Users/HP/.gitconfig	credential.helper=
file:C:/Users/HP/.gitconfig	credential.helper=C:/Program\ Files/Git/mingw64/bin/git-credential-manager.exe
file:.git/config	core.repositoryformatversion=0
file:.git/config	core.filemode=false
file:.git/config	core.bare=false
file:.git/config	core.logallrefupdates=true
file:.git/config	core.symlinks=false
file:.git/config	core.ignorecase=true
file:.git/config	user.name=senthil243
file:.git/config	user.email=selvasenthil243@gmail.com
file:.git/config	remote.origin.url=https://github.com/Senthil243/dev1.git
file:.git/config	remote.origin.fetch=+refs/heads/*:refs/remotes/origin/*


------------
Diagnostic: Credential storage
Skipped: False
Success: True
Exception: None
Log:
ICredentialStore instance is of type: CredentialStore
Writing test credential... OK
Reading test credential... OK
Deleting test credential... OK

------------
Diagnostic: Microsoft authentication (AAD/MSA)
Skipped: False
Success: True
Exception: None
Log:
Broker is not enabled.
Flow type is: Auto
Gathering MSAL token cache data... OK
CacheDirectory: C:\Users\HP\AppData\Local\.IdentityService
CacheFileName: msal.cache
CacheFilePath: C:\Users\HP\AppData\Local\.IdentityService\msal.cache
Creating cache helper... OK
Verifying MSAL token cache persistence... OK

------------
Diagnostic: GitHub API
Skipped: False
Success: True
Exception: None
Log:
Using 'https://github.com/' as API target.
Querying '/meta' endpoint... OK

